Arguments: 
  /home/sachin/.nvm/versions/node/v12.18.2/bin/node /usr/share/yarn/bin/yarn.js

PATH: 
  /home/sachin/.nvm/versions/node/v12.18.2/bin:/usr/local/sbin:/usr/local/bin:/usr/sbin:/usr/bin:/sbin:/bin:/usr/games:/usr/local/games:/snap/bin

Yarn version: 
  1.22.5

Node version: 
  12.18.2

Platform: 
  linux x64

Trace: 
  SyntaxError: /home/sachin/.local/share/Trash/files/login_server.2/package.json: Unexpected token } in JSON at position 197
      at JSON.parse (<anonymous>)
      at /usr/share/yarn/lib/cli.js:1625:59
      at Generator.next (<anonymous>)
      at step (/usr/share/yarn/lib/cli.js:310:30)
      at /usr/share/yarn/lib/cli.js:321:13

npm manifest: 
  {
    "name": "login_server",
    "version": "1.0.0",
    "description": "Backend for a login system ",
    "main": "server.js",
    "scripts": {
      "test": "echo \"Error: no test specified\" && exit 1",
    },
    "author": "",
    "license": "ISC",
    "dependencies": {
      "@sendgrid/mail": "^7.4.4",
      "bcrypt": "^5.0.1",
      "body-parser": "^1.19.0",
      "cors": "^2.8.5",
      "csv-writer": "^1.6.0",
      "dotenv": "^8.2.0",
      "express": "^4.17.1",
      "express-session": "^1.17.1",
      "jsonwebtoken": "^8.5.1",
      "mongoose": "^5.12.7",
      "mongoose-update-if-current": "^1.4.0",
      "node-fetch": "^2.6.1",
      "router": "^1.3.5",
      "trim": "^1.0.1",
      "trim-request": "^1.0.6"
    },
    "devDependencies": {
      "nodemon": "^2.0.7"
    }
  }

yarn manifest: 
  No manifest

Lockfile: 
  No lockfile
